[2021-01-29 14:41:03.798] [renderer1] [error] [File Watcher (node.js)] Error: ENOENT: no such file or directory, stat '/home/liz/intro/.vscode'
[2021-01-29 14:43:52.119] [renderer1] [error] <semantic> TypeScript Server Error (4.1.2)
Debug Failure. False expression.
Error: Debug Failure. False expression.
    at /snap/code/52/usr/share/code/resources/app/extensions/node_modules/typescript/lib/tsserver.js:128621:34
    at Object.forEach (/snap/code/52/usr/share/code/resources/app/extensions/node_modules/typescript/lib/tsserver.js:188:30)
    at getSymbolKindOfConstructorPropertyMethodAccessorFunctionOrVar (/snap/code/52/usr/share/code/resources/app/extensions/node_modules/typescript/lib/tsserver.js:128615:48)
    at Object.getSymbolKind (/snap/code/52/usr/share/code/resources/app/extensions/node_modules/typescript/lib/tsserver.js:128545:26)
    at createCompletionEntry (/snap/code/52/usr/share/code/resources/app/extensions/node_modules/typescript/lib/tsserver.js:118152:40)
    at getCompletionEntriesFromSymbols (/snap/code/52/usr/share/code/resources/app/extensions/node_modules/typescript/lib/tsserver.js:118199:29)
    at completionInfoFromData (/snap/code/52/usr/share/code/resources/app/extensions/node_modules/typescript/lib/tsserver.js:118023:35)
    at Object.getCompletionsAtPosition (/snap/code/52/usr/share/code/resources/app/extensions/node_modules/typescript/lib/tsserver.js:117981:28)
    at Proxy.getCompletionsAtPosition (/snap/code/52/usr/share/code/resources/app/extensions/node_modules/typescript/lib/tsserver.js:146718:35)
    at IOSession.Session.getCompletions (/snap/code/52/usr/share/code/resources/app/extensions/node_modules/typescript/lib/tsserver.js:157642:64)
    at Session.handlers.ts.Map.ts.getEntries._a.<computed> (/snap/code/52/usr/share/code/resources/app/extensions/node_modules/typescript/lib/tsserver.js:156526:61)
    at /snap/code/52/usr/share/code/resources/app/extensions/node_modules/typescript/lib/tsserver.js:158276:88
    at IOSession.Session.executeWithRequestId (/snap/code/52/usr/share/code/resources/app/extensions/node_modules/typescript/lib/tsserver.js:158267:28)
    at IOSession.Session.executeCommand (/snap/code/52/usr/share/code/resources/app/extensions/node_modules/typescript/lib/tsserver.js:158276:33)
    at IOSession.Session.onMessage (/snap/code/52/usr/share/code/resources/app/extensions/node_modules/typescript/lib/tsserver.js:158300:35)
    at Interface.<anonymous> (/snap/code/52/usr/share/code/resources/app/extensions/node_modules/typescript/lib/tsserver.js:160510:27)
    at Interface.emit (events.js:223:5)
    at Interface._onLine (readline.js:315:10)
    at Interface._normalWrite (readline.js:460:12)
    at Socket.ondata (readline.js:172:10)
    at Socket.emit (events.js:223:5)
    at addChunk (_stream_readable.js:309:12)
    at readableAddChunk (_stream_readable.js:290:11)
    at Socket.Readable.push (_stream_readable.js:224:10)
    at Pipe.onStreamRead (internal/stream_base_commons.js:181:23): Error: <semantic> TypeScript Server Error (4.1.2)
Debug Failure. False expression.
Error: Debug Failure. False expression.
    at /snap/code/52/usr/share/code/resources/app/extensions/node_modules/typescript/lib/tsserver.js:128621:34
    at Object.forEach (/snap/code/52/usr/share/code/resources/app/extensions/node_modules/typescript/lib/tsserver.js:188:30)
    at getSymbolKindOfConstructorPropertyMethodAccessorFunctionOrVar (/snap/code/52/usr/share/code/resources/app/extensions/node_modules/typescript/lib/tsserver.js:128615:48)
    at Object.getSymbolKind (/snap/code/52/usr/share/code/resources/app/extensions/node_modules/typescript/lib/tsserver.js:128545:26)
    at createCompletionEntry (/snap/code/52/usr/share/code/resources/app/extensions/node_modules/typescript/lib/tsserver.js:118152:40)
    at getCompletionEntriesFromSymbols (/snap/code/52/usr/share/code/resources/app/extensions/node_modules/typescript/lib/tsserver.js:118199:29)
    at completionInfoFromData (/snap/code/52/usr/share/code/resources/app/extensions/node_modules/typescript/lib/tsserver.js:118023:35)
    at Object.getCompletionsAtPosition (/snap/code/52/usr/share/code/resources/app/extensions/node_modules/typescript/lib/tsserver.js:117981:28)
    at Proxy.getCompletionsAtPosition (/snap/code/52/usr/share/code/resources/app/extensions/node_modules/typescript/lib/tsserver.js:146718:35)
    at IOSession.Session.getCompletions (/snap/code/52/usr/share/code/resources/app/extensions/node_modules/typescript/lib/tsserver.js:157642:64)
    at Session.handlers.ts.Map.ts.getEntries._a.<computed> (/snap/code/52/usr/share/code/resources/app/extensions/node_modules/typescript/lib/tsserver.js:156526:61)
    at /snap/code/52/usr/share/code/resources/app/extensions/node_modules/typescript/lib/tsserver.js:158276:88
    at IOSession.Session.executeWithRequestId (/snap/code/52/usr/share/code/resources/app/extensions/node_modules/typescript/lib/tsserver.js:158267:28)
    at IOSession.Session.executeCommand (/snap/code/52/usr/share/code/resources/app/extensions/node_modules/typescript/lib/tsserver.js:158276:33)
    at IOSession.Session.onMessage (/snap/code/52/usr/share/code/resources/app/extensions/node_modules/typescript/lib/tsserver.js:158300:35)
    at Interface.<anonymous> (/snap/code/52/usr/share/code/resources/app/extensions/node_modules/typescript/lib/tsserver.js:160510:27)
    at Interface.emit (events.js:223:5)
    at Interface._onLine (readline.js:315:10)
    at Interface._normalWrite (readline.js:460:12)
    at Socket.ondata (readline.js:172:10)
    at Socket.emit (events.js:223:5)
    at addChunk (_stream_readable.js:309:12)
    at readableAddChunk (_stream_readable.js:290:11)
    at Socket.Readable.push (_stream_readable.js:224:10)
    at Pipe.onStreamRead (internal/stream_base_commons.js:181:23)
	at Function.create (/snap/code/52/usr/share/code/resources/app/extensions/typescript-language-features/dist/extension.js:1:76778)
	at dispatchResponse (/snap/code/52/usr/share/code/resources/app/extensions/typescript-language-features/dist/extension.js:1:70653)
	at dispatchMessage (/snap/code/52/usr/share/code/resources/app/extensions/typescript-language-features/dist/extension.js:1:69512)
	at /snap/code/52/usr/share/code/resources/app/extensions/typescript-language-features/dist/extension.js:1:69022
	at l.fire (/snap/code/52/usr/share/code/resources/app/out/vs/workbench/services/extensions/node/extensionHostProcess.js:46:801)
	at g.onLengthData (/snap/code/52/usr/share/code/resources/app/extensions/typescript-language-features/dist/extension.js:45:60018)
	at Socket.<anonymous> (/snap/code/52/usr/share/code/resources/app/extensions/typescript-language-features/dist/extension.js:45:59666)
	at Socket.emit (events.js:223:5)
	at addChunk (_stream_readable.js:309:12)
	at readableAddChunk (_stream_readable.js:290:11)
	at Socket.Readable.push (_stream_readable.js:224:10)
	at Pipe.onStreamRead (internal/stream_base_commons.js:181:23)
[2021-01-29 14:43:54.056] [renderer1] [error] <semantic> TypeScript Server Error (4.1.2)
Debug Failure. False expression.
Error: Debug Failure. False expression.
    at /snap/code/52/usr/share/code/resources/app/extensions/node_modules/typescript/lib/tsserver.js:128621:34
    at Object.forEach (/snap/code/52/usr/share/code/resources/app/extensions/node_modules/typescript/lib/tsserver.js:188:30)
    at getSymbolKindOfConstructorPropertyMethodAccessorFunctionOrVar (/snap/code/52/usr/share/code/resources/app/extensions/node_modules/typescript/lib/tsserver.js:128615:48)
    at Object.getSymbolKind (/snap/code/52/usr/share/code/resources/app/extensions/node_modules/typescript/lib/tsserver.js:128545:26)
    at createCompletionEntry (/snap/code/52/usr/share/code/resources/app/extensions/node_modules/typescript/lib/tsserver.js:118152:40)
    at getCompletionEntriesFromSymbols (/snap/code/52/usr/share/code/resources/app/extensions/node_modules/typescript/lib/tsserver.js:118199:29)
    at completionInfoFromData (/snap/code/52/usr/share/code/resources/app/extensions/node_modules/typescript/lib/tsserver.js:118023:35)
    at Object.getCompletionsAtPosition (/snap/code/52/usr/share/code/resources/app/extensions/node_modules/typescript/lib/tsserver.js:117981:28)
    at Proxy.getCompletionsAtPosition (/snap/code/52/usr/share/code/resources/app/extensions/node_modules/typescript/lib/tsserver.js:146718:35)
    at IOSession.Session.getCompletions (/snap/code/52/usr/share/code/resources/app/extensions/node_modules/typescript/lib/tsserver.js:157642:64)
    at Session.handlers.ts.Map.ts.getEntries._a.<computed> (/snap/code/52/usr/share/code/resources/app/extensions/node_modules/typescript/lib/tsserver.js:156526:61)
    at /snap/code/52/usr/share/code/resources/app/extensions/node_modules/typescript/lib/tsserver.js:158276:88
    at IOSession.Session.executeWithRequestId (/snap/code/52/usr/share/code/resources/app/extensions/node_modules/typescript/lib/tsserver.js:158267:28)
    at IOSession.Session.executeCommand (/snap/code/52/usr/share/code/resources/app/extensions/node_modules/typescript/lib/tsserver.js:158276:33)
    at IOSession.Session.onMessage (/snap/code/52/usr/share/code/resources/app/extensions/node_modules/typescript/lib/tsserver.js:158300:35)
    at Interface.<anonymous> (/snap/code/52/usr/share/code/resources/app/extensions/node_modules/typescript/lib/tsserver.js:160510:27)
    at Interface.emit (events.js:223:5)
    at Interface._onLine (readline.js:315:10)
    at Interface._normalWrite (readline.js:460:12)
    at Socket.ondata (readline.js:172:10)
    at Socket.emit (events.js:223:5)
    at addChunk (_stream_readable.js:309:12)
    at readableAddChunk (_stream_readable.js:290:11)
    at Socket.Readable.push (_stream_readable.js:224:10)
    at Pipe.onStreamRead (internal/stream_base_commons.js:181:23): Error: <semantic> TypeScript Server Error (4.1.2)
Debug Failure. False expression.
Error: Debug Failure. False expression.
    at /snap/code/52/usr/share/code/resources/app/extensions/node_modules/typescript/lib/tsserver.js:128621:34
    at Object.forEach (/snap/code/52/usr/share/code/resources/app/extensions/node_modules/typescript/lib/tsserver.js:188:30)
    at getSymbolKindOfConstructorPropertyMethodAccessorFunctionOrVar (/snap/code/52/usr/share/code/resources/app/extensions/node_modules/typescript/lib/tsserver.js:128615:48)
    at Object.getSymbolKind (/snap/code/52/usr/share/code/resources/app/extensions/node_modules/typescript/lib/tsserver.js:128545:26)
    at createCompletionEntry (/snap/code/52/usr/share/code/resources/app/extensions/node_modules/typescript/lib/tsserver.js:118152:40)
    at getCompletionEntriesFromSymbols (/snap/code/52/usr/share/code/resources/app/extensions/node_modules/typescript/lib/tsserver.js:118199:29)
    at completionInfoFromData (/snap/code/52/usr/share/code/resources/app/extensions/node_modules/typescript/lib/tsserver.js:118023:35)
    at Object.getCompletionsAtPosition (/snap/code/52/usr/share/code/resources/app/extensions/node_modules/typescript/lib/tsserver.js:117981:28)
    at Proxy.getCompletionsAtPosition (/snap/code/52/usr/share/code/resources/app/extensions/node_modules/typescript/lib/tsserver.js:146718:35)
    at IOSession.Session.getCompletions (/snap/code/52/usr/share/code/resources/app/extensions/node_modules/typescript/lib/tsserver.js:157642:64)
    at Session.handlers.ts.Map.ts.getEntries._a.<computed> (/snap/code/52/usr/share/code/resources/app/extensions/node_modules/typescript/lib/tsserver.js:156526:61)
    at /snap/code/52/usr/share/code/resources/app/extensions/node_modules/typescript/lib/tsserver.js:158276:88
    at IOSession.Session.executeWithRequestId (/snap/code/52/usr/share/code/resources/app/extensions/node_modules/typescript/lib/tsserver.js:158267:28)
    at IOSession.Session.executeCommand (/snap/code/52/usr/share/code/resources/app/extensions/node_modules/typescript/lib/tsserver.js:158276:33)
    at IOSession.Session.onMessage (/snap/code/52/usr/share/code/resources/app/extensions/node_modules/typescript/lib/tsserver.js:158300:35)
    at Interface.<anonymous> (/snap/code/52/usr/share/code/resources/app/extensions/node_modules/typescript/lib/tsserver.js:160510:27)
    at Interface.emit (events.js:223:5)
    at Interface._onLine (readline.js:315:10)
    at Interface._normalWrite (readline.js:460:12)
    at Socket.ondata (readline.js:172:10)
    at Socket.emit (events.js:223:5)
    at addChunk (_stream_readable.js:309:12)
    at readableAddChunk (_stream_readable.js:290:11)
    at Socket.Readable.push (_stream_readable.js:224:10)
    at Pipe.onStreamRead (internal/stream_base_commons.js:181:23)
	at Function.create (/snap/code/52/usr/share/code/resources/app/extensions/typescript-language-features/dist/extension.js:1:76778)
	at dispatchResponse (/snap/code/52/usr/share/code/resources/app/extensions/typescript-language-features/dist/extension.js:1:70653)
	at dispatchMessage (/snap/code/52/usr/share/code/resources/app/extensions/typescript-language-features/dist/extension.js:1:69512)
	at /snap/code/52/usr/share/code/resources/app/extensions/typescript-language-features/dist/extension.js:1:69022
	at l.fire (/snap/code/52/usr/share/code/resources/app/out/vs/workbench/services/extensions/node/extensionHostProcess.js:46:801)
	at g.onLengthData (/snap/code/52/usr/share/code/resources/app/extensions/typescript-language-features/dist/extension.js:45:60018)
	at Socket.<anonymous> (/snap/code/52/usr/share/code/resources/app/extensions/typescript-language-features/dist/extension.js:45:59666)
	at Socket.emit (events.js:223:5)
	at addChunk (_stream_readable.js:309:12)
	at readableAddChunk (_stream_readable.js:290:11)
	at Socket.Readable.push (_stream_readable.js:224:10)
	at Pipe.onStreamRead (internal/stream_base_commons.js:181:23)
[2021-01-29 14:44:10.221] [renderer1] [error] <semantic> TypeScript Server Error (4.1.2)
Debug Failure. False expression.
Error: Debug Failure. False expression.
    at /snap/code/52/usr/share/code/resources/app/extensions/node_modules/typescript/lib/tsserver.js:128621:34
    at Object.forEach (/snap/code/52/usr/share/code/resources/app/extensions/node_modules/typescript/lib/tsserver.js:188:30)
    at getSymbolKindOfConstructorPropertyMethodAccessorFunctionOrVar (/snap/code/52/usr/share/code/resources/app/extensions/node_modules/typescript/lib/tsserver.js:128615:48)
    at Object.getSymbolKind (/snap/code/52/usr/share/code/resources/app/extensions/node_modules/typescript/lib/tsserver.js:128545:26)
    at createCompletionEntry (/snap/code/52/usr/share/code/resources/app/extensions/node_modules/typescript/lib/tsserver.js:118152:40)
    at getCompletionEntriesFromSymbols (/snap/code/52/usr/share/code/resources/app/extensions/node_modules/typescript/lib/tsserver.js:118199:29)
    at completionInfoFromData (/snap/code/52/usr/share/code/resources/app/extensions/node_modules/typescript/lib/tsserver.js:118023:35)
    at Object.getCompletionsAtPosition (/snap/code/52/usr/share/code/resources/app/extensions/node_modules/typescript/lib/tsserver.js:117981:28)
    at Proxy.getCompletionsAtPosition (/snap/code/52/usr/share/code/resources/app/extensions/node_modules/typescript/lib/tsserver.js:146718:35)
    at IOSession.Session.getCompletions (/snap/code/52/usr/share/code/resources/app/extensions/node_modules/typescript/lib/tsserver.js:157642:64)
    at Session.handlers.ts.Map.ts.getEntries._a.<computed> (/snap/code/52/usr/share/code/resources/app/extensions/node_modules/typescript/lib/tsserver.js:156526:61)
    at /snap/code/52/usr/share/code/resources/app/extensions/node_modules/typescript/lib/tsserver.js:158276:88
    at IOSession.Session.executeWithRequestId (/snap/code/52/usr/share/code/resources/app/extensions/node_modules/typescript/lib/tsserver.js:158267:28)
    at IOSession.Session.executeCommand (/snap/code/52/usr/share/code/resources/app/extensions/node_modules/typescript/lib/tsserver.js:158276:33)
    at IOSession.Session.onMessage (/snap/code/52/usr/share/code/resources/app/extensions/node_modules/typescript/lib/tsserver.js:158300:35)
    at Interface.<anonymous> (/snap/code/52/usr/share/code/resources/app/extensions/node_modules/typescript/lib/tsserver.js:160510:27)
    at Interface.emit (events.js:223:5)
    at Interface._onLine (readline.js:315:10)
    at Interface._normalWrite (readline.js:460:12)
    at Socket.ondata (readline.js:172:10)
    at Socket.emit (events.js:223:5)
    at addChunk (_stream_readable.js:309:12)
    at readableAddChunk (_stream_readable.js:290:11)
    at Socket.Readable.push (_stream_readable.js:224:10)
    at Pipe.onStreamRead (internal/stream_base_commons.js:181:23): Error: <semantic> TypeScript Server Error (4.1.2)
Debug Failure. False expression.
Error: Debug Failure. False expression.
    at /snap/code/52/usr/share/code/resources/app/extensions/node_modules/typescript/lib/tsserver.js:128621:34
    at Object.forEach (/snap/code/52/usr/share/code/resources/app/extensions/node_modules/typescript/lib/tsserver.js:188:30)
    at getSymbolKindOfConstructorPropertyMethodAccessorFunctionOrVar (/snap/code/52/usr/share/code/resources/app/extensions/node_modules/typescript/lib/tsserver.js:128615:48)
    at Object.getSymbolKind (/snap/code/52/usr/share/code/resources/app/extensions/node_modules/typescript/lib/tsserver.js:128545:26)
    at createCompletionEntry (/snap/code/52/usr/share/code/resources/app/extensions/node_modules/typescript/lib/tsserver.js:118152:40)
    at getCompletionEntriesFromSymbols (/snap/code/52/usr/share/code/resources/app/extensions/node_modules/typescript/lib/tsserver.js:118199:29)
    at completionInfoFromData (/snap/code/52/usr/share/code/resources/app/extensions/node_modules/typescript/lib/tsserver.js:118023:35)
    at Object.getCompletionsAtPosition (/snap/code/52/usr/share/code/resources/app/extensions/node_modules/typescript/lib/tsserver.js:117981:28)
    at Proxy.getCompletionsAtPosition (/snap/code/52/usr/share/code/resources/app/extensions/node_modules/typescript/lib/tsserver.js:146718:35)
    at IOSession.Session.getCompletions (/snap/code/52/usr/share/code/resources/app/extensions/node_modules/typescript/lib/tsserver.js:157642:64)
    at Session.handlers.ts.Map.ts.getEntries._a.<computed> (/snap/code/52/usr/share/code/resources/app/extensions/node_modules/typescript/lib/tsserver.js:156526:61)
    at /snap/code/52/usr/share/code/resources/app/extensions/node_modules/typescript/lib/tsserver.js:158276:88
    at IOSession.Session.executeWithRequestId (/snap/code/52/usr/share/code/resources/app/extensions/node_modules/typescript/lib/tsserver.js:158267:28)
    at IOSession.Session.executeCommand (/snap/code/52/usr/share/code/resources/app/extensions/node_modules/typescript/lib/tsserver.js:158276:33)
    at IOSession.Session.onMessage (/snap/code/52/usr/share/code/resources/app/extensions/node_modules/typescript/lib/tsserver.js:158300:35)
    at Interface.<anonymous> (/snap/code/52/usr/share/code/resources/app/extensions/node_modules/typescript/lib/tsserver.js:160510:27)
    at Interface.emit (events.js:223:5)
    at Interface._onLine (readline.js:315:10)
    at Interface._normalWrite (readline.js:460:12)
    at Socket.ondata (readline.js:172:10)
    at Socket.emit (events.js:223:5)
    at addChunk (_stream_readable.js:309:12)
    at readableAddChunk (_stream_readable.js:290:11)
    at Socket.Readable.push (_stream_readable.js:224:10)
    at Pipe.onStreamRead (internal/stream_base_commons.js:181:23)
	at Function.create (/snap/code/52/usr/share/code/resources/app/extensions/typescript-language-features/dist/extension.js:1:76778)
	at dispatchResponse (/snap/code/52/usr/share/code/resources/app/extensions/typescript-language-features/dist/extension.js:1:70653)
	at dispatchMessage (/snap/code/52/usr/share/code/resources/app/extensions/typescript-language-features/dist/extension.js:1:69512)
	at /snap/code/52/usr/share/code/resources/app/extensions/typescript-language-features/dist/extension.js:1:69022
	at l.fire (/snap/code/52/usr/share/code/resources/app/out/vs/workbench/services/extensions/node/extensionHostProcess.js:46:801)
	at g.onLengthData (/snap/code/52/usr/share/code/resources/app/extensions/typescript-language-features/dist/extension.js:45:60018)
	at Socket.<anonymous> (/snap/code/52/usr/share/code/resources/app/extensions/typescript-language-features/dist/extension.js:45:59666)
	at Socket.emit (events.js:223:5)
	at addChunk (_stream_readable.js:309:12)
	at readableAddChunk (_stream_readable.js:290:11)
	at Socket.Readable.push (_stream_readable.js:224:10)
	at Pipe.onStreamRead (internal/stream_base_commons.js:181:23)
[2021-01-29 14:44:11.061] [renderer1] [error] <semantic> TypeScript Server Error (4.1.2)
Debug Failure.
Error: Debug Failure.
    at getExportEqualsLocalSymbol (/snap/code/52/usr/share/code/resources/app/extensions/node_modules/typescript/lib/tsserver.js:121292:33)
    at getImport (/snap/code/52/usr/share/code/resources/app/extensions/node_modules/typescript/lib/tsserver.js:121263:38)
    at Object.getImportOrExportSymbol (/snap/code/52/usr/share/code/resources/app/extensions/node_modules/typescript/lib/tsserver.js:121176:68)
    at getImportOrExportReferences (/snap/code/52/usr/share/code/resources/app/extensions/node_modules/typescript/lib/tsserver.js:122701:56)
    at getReferencesAtLocation (/snap/code/52/usr/share/code/resources/app/extensions/node_modules/typescript/lib/tsserver.js:122631:17)
    at getReferencesInContainer (/snap/code/52/usr/share/code/resources/app/extensions/node_modules/typescript/lib/tsserver.js:122575:21)
    at getReferencesInContainerOrFiles (/snap/code/52/usr/share/code/resources/app/extensions/node_modules/typescript/lib/tsserver.js:122129:21)
    at getReferencedSymbolsForSymbol (/snap/code/52/usr/share/code/resources/app/extensions/node_modules/typescript/lib/tsserver.js:122120:21)
    at Object.getReferencedSymbolsForNode (/snap/code/52/usr/share/code/resources/app/extensions/node_modules/typescript/lib/tsserver.js:121917:34)
    at Object.getReferenceEntriesForNode (/snap/code/52/usr/share/code/resources/app/extensions/node_modules/typescript/lib/tsserver.js:121620:40)
    at getSemanticDocumentHighlights (/snap/code/52/usr/share/code/resources/app/extensions/node_modules/typescript/lib/tsserver.js:120247:57)
    at Object.getDocumentHighlights (/snap/code/52/usr/share/code/resources/app/extensions/node_modules/typescript/lib/tsserver.js:120235:20)
    at Proxy.getDocumentHighlights (/snap/code/52/usr/share/code/resources/app/extensions/node_modules/typescript/lib/tsserver.js:146815:42)
    at IOSession.Session.getDocumentHighlights (/snap/code/52/usr/share/code/resources/app/extensions/node_modules/typescript/lib/tsserver.js:157303:71)
    at Session.handlers.ts.Map.ts.getEntries._a.<computed> (/snap/code/52/usr/share/code/resources/app/extensions/node_modules/typescript/lib/tsserver.js:156633:61)
    at /snap/code/52/usr/share/code/resources/app/extensions/node_modules/typescript/lib/tsserver.js:158276:88
    at IOSession.Session.executeWithRequestId (/snap/code/52/usr/share/code/resources/app/extensions/node_modules/typescript/lib/tsserver.js:158267:28)
    at IOSession.Session.executeCommand (/snap/code/52/usr/share/code/resources/app/extensions/node_modules/typescript/lib/tsserver.js:158276:33)
    at IOSession.Session.onMessage (/snap/code/52/usr/share/code/resources/app/extensions/node_modules/typescript/lib/tsserver.js:158300:35)
    at Interface.<anonymous> (/snap/code/52/usr/share/code/resources/app/extensions/node_modules/typescript/lib/tsserver.js:160510:27)
    at Interface.emit (events.js:223:5)
    at Interface._onLine (readline.js:315:10)
    at Interface._normalWrite (readline.js:460:12)
    at Socket.ondata (readline.js:172:10)
    at Socket.emit (events.js:223:5)
    at addChunk (_stream_readable.js:309:12)
    at readableAddChunk (_stream_readable.js:290:11)
    at Socket.Readable.push (_stream_readable.js:224:10)
    at Pipe.onStreamRead (internal/stream_base_commons.js:181:23): Error: <semantic> TypeScript Server Error (4.1.2)
Debug Failure.
Error: Debug Failure.
    at getExportEqualsLocalSymbol (/snap/code/52/usr/share/code/resources/app/extensions/node_modules/typescript/lib/tsserver.js:121292:33)
    at getImport (/snap/code/52/usr/share/code/resources/app/extensions/node_modules/typescript/lib/tsserver.js:121263:38)
    at Object.getImportOrExportSymbol (/snap/code/52/usr/share/code/resources/app/extensions/node_modules/typescript/lib/tsserver.js:121176:68)
    at getImportOrExportReferences (/snap/code/52/usr/share/code/resources/app/extensions/node_modules/typescript/lib/tsserver.js:122701:56)
    at getReferencesAtLocation (/snap/code/52/usr/share/code/resources/app/extensions/node_modules/typescript/lib/tsserver.js:122631:17)
    at getReferencesInContainer (/snap/code/52/usr/share/code/resources/app/extensions/node_modules/typescript/lib/tsserver.js:122575:21)
    at getReferencesInContainerOrFiles (/snap/code/52/usr/share/code/resources/app/extensions/node_modules/typescript/lib/tsserver.js:122129:21)
    at getReferencedSymbolsForSymbol (/snap/code/52/usr/share/code/resources/app/extensions/node_modules/typescript/lib/tsserver.js:122120:21)
    at Object.getReferencedSymbolsForNode (/snap/code/52/usr/share/code/resources/app/extensions/node_modules/typescript/lib/tsserver.js:121917:34)
    at Object.getReferenceEntriesForNode (/snap/code/52/usr/share/code/resources/app/extensions/node_modules/typescript/lib/tsserver.js:121620:40)
    at getSemanticDocumentHighlights (/snap/code/52/usr/share/code/resources/app/extensions/node_modules/typescript/lib/tsserver.js:120247:57)
    at Object.getDocumentHighlights (/snap/code/52/usr/share/code/resources/app/extensions/node_modules/typescript/lib/tsserver.js:120235:20)
    at Proxy.getDocumentHighlights (/snap/code/52/usr/share/code/resources/app/extensions/node_modules/typescript/lib/tsserver.js:146815:42)
    at IOSession.Session.getDocumentHighlights (/snap/code/52/usr/share/code/resources/app/extensions/node_modules/typescript/lib/tsserver.js:157303:71)
    at Session.handlers.ts.Map.ts.getEntries._a.<computed> (/snap/code/52/usr/share/code/resources/app/extensions/node_modules/typescript/lib/tsserver.js:156633:61)
    at /snap/code/52/usr/share/code/resources/app/extensions/node_modules/typescript/lib/tsserver.js:158276:88
    at IOSession.Session.executeWithRequestId (/snap/code/52/usr/share/code/resources/app/extensions/node_modules/typescript/lib/tsserver.js:158267:28)
    at IOSession.Session.executeCommand (/snap/code/52/usr/share/code/resources/app/extensions/node_modules/typescript/lib/tsserver.js:158276:33)
    at IOSession.Session.onMessage (/snap/code/52/usr/share/code/resources/app/extensions/node_modules/typescript/lib/tsserver.js:158300:35)
    at Interface.<anonymous> (/snap/code/52/usr/share/code/resources/app/extensions/node_modules/typescript/lib/tsserver.js:160510:27)
    at Interface.emit (events.js:223:5)
    at Interface._onLine (readline.js:315:10)
    at Interface._normalWrite (readline.js:460:12)
    at Socket.ondata (readline.js:172:10)
    at Socket.emit (events.js:223:5)
    at addChunk (_stream_readable.js:309:12)
    at readableAddChunk (_stream_readable.js:290:11)
    at Socket.Readable.push (_stream_readable.js:224:10)
    at Pipe.onStreamRead (internal/stream_base_commons.js:181:23)
	at Function.create (/snap/code/52/usr/share/code/resources/app/extensions/typescript-language-features/dist/extension.js:1:76778)
	at dispatchResponse (/snap/code/52/usr/share/code/resources/app/extensions/typescript-language-features/dist/extension.js:1:70653)
	at dispatchMessage (/snap/code/52/usr/share/code/resources/app/extensions/typescript-language-features/dist/extension.js:1:69512)
	at /snap/code/52/usr/share/code/resources/app/extensions/typescript-language-features/dist/extension.js:1:69022
	at l.fire (/snap/code/52/usr/share/code/resources/app/out/vs/workbench/services/extensions/node/extensionHostProcess.js:46:801)
	at g.onLengthData (/snap/code/52/usr/share/code/resources/app/extensions/typescript-language-features/dist/extension.js:45:60018)
	at Socket.<anonymous> (/snap/code/52/usr/share/code/resources/app/extensions/typescript-language-features/dist/extension.js:45:59666)
	at Socket.emit (events.js:223:5)
	at addChunk (_stream_readable.js:309:12)
	at readableAddChunk (_stream_readable.js:290:11)
	at Socket.Readable.push (_stream_readable.js:224:10)
	at Pipe.onStreamRead (internal/stream_base_commons.js:181:23)
[2021-01-29 14:57:03.948] [renderer1] [error] <semantic> TypeScript Server Error (4.1.2)
Debug Failure. False expression.
Error: Debug Failure. False expression.
    at /snap/code/52/usr/share/code/resources/app/extensions/node_modules/typescript/lib/tsserver.js:128621:34
    at Object.forEach (/snap/code/52/usr/share/code/resources/app/extensions/node_modules/typescript/lib/tsserver.js:188:30)
    at getSymbolKindOfConstructorPropertyMethodAccessorFunctionOrVar (/snap/code/52/usr/share/code/resources/app/extensions/node_modules/typescript/lib/tsserver.js:128615:48)
    at Object.getSymbolKind (/snap/code/52/usr/share/code/resources/app/extensions/node_modules/typescript/lib/tsserver.js:128545:26)
    at createCompletionEntry (/snap/code/52/usr/share/code/resources/app/extensions/node_modules/typescript/lib/tsserver.js:118152:40)
    at getCompletionEntriesFromSymbols (/snap/code/52/usr/share/code/resources/app/extensions/node_modules/typescript/lib/tsserver.js:118199:29)
    at completionInfoFromData (/snap/code/52/usr/share/code/resources/app/extensions/node_modules/typescript/lib/tsserver.js:118023:35)
    at Object.getCompletionsAtPosition (/snap/code/52/usr/share/code/resources/app/extensions/node_modules/typescript/lib/tsserver.js:117981:28)
    at Proxy.getCompletionsAtPosition (/snap/code/52/usr/share/code/resources/app/extensions/node_modules/typescript/lib/tsserver.js:146718:35)
    at IOSession.Session.getCompletions (/snap/code/52/usr/share/code/resources/app/extensions/node_modules/typescript/lib/tsserver.js:157642:64)
    at Session.handlers.ts.Map.ts.getEntries._a.<computed> (/snap/code/52/usr/share/code/resources/app/extensions/node_modules/typescript/lib/tsserver.js:156526:61)
    at /snap/code/52/usr/share/code/resources/app/extensions/node_modules/typescript/lib/tsserver.js:158276:88
    at IOSession.Session.executeWithRequestId (/snap/code/52/usr/share/code/resources/app/extensions/node_modules/typescript/lib/tsserver.js:158267:28)
    at IOSession.Session.executeCommand (/snap/code/52/usr/share/code/resources/app/extensions/node_modules/typescript/lib/tsserver.js:158276:33)
    at IOSession.Session.onMessage (/snap/code/52/usr/share/code/resources/app/extensions/node_modules/typescript/lib/tsserver.js:158300:35)
    at Interface.<anonymous> (/snap/code/52/usr/share/code/resources/app/extensions/node_modules/typescript/lib/tsserver.js:160510:27)
    at Interface.emit (events.js:223:5)
    at Interface._onLine (readline.js:315:10)
    at Interface._normalWrite (readline.js:460:12)
    at Socket.ondata (readline.js:172:10)
    at Socket.emit (events.js:223:5)
    at addChunk (_stream_readable.js:309:12)
    at readableAddChunk (_stream_readable.js:290:11)
    at Socket.Readable.push (_stream_readable.js:224:10)
    at Pipe.onStreamRead (internal/stream_base_commons.js:181:23): Error: <semantic> TypeScript Server Error (4.1.2)
Debug Failure. False expression.
Error: Debug Failure. False expression.
    at /snap/code/52/usr/share/code/resources/app/extensions/node_modules/typescript/lib/tsserver.js:128621:34
    at Object.forEach (/snap/code/52/usr/share/code/resources/app/extensions/node_modules/typescript/lib/tsserver.js:188:30)
    at getSymbolKindOfConstructorPropertyMethodAccessorFunctionOrVar (/snap/code/52/usr/share/code/resources/app/extensions/node_modules/typescript/lib/tsserver.js:128615:48)
    at Object.getSymbolKind (/snap/code/52/usr/share/code/resources/app/extensions/node_modules/typescript/lib/tsserver.js:128545:26)
    at createCompletionEntry (/snap/code/52/usr/share/code/resources/app/extensions/node_modules/typescript/lib/tsserver.js:118152:40)
    at getCompletionEntriesFromSymbols (/snap/code/52/usr/share/code/resources/app/extensions/node_modules/typescript/lib/tsserver.js:118199:29)
    at completionInfoFromData (/snap/code/52/usr/share/code/resources/app/extensions/node_modules/typescript/lib/tsserver.js:118023:35)
    at Object.getCompletionsAtPosition (/snap/code/52/usr/share/code/resources/app/extensions/node_modules/typescript/lib/tsserver.js:117981:28)
    at Proxy.getCompletionsAtPosition (/snap/code/52/usr/share/code/resources/app/extensions/node_modules/typescript/lib/tsserver.js:146718:35)
    at IOSession.Session.getCompletions (/snap/code/52/usr/share/code/resources/app/extensions/node_modules/typescript/lib/tsserver.js:157642:64)
    at Session.handlers.ts.Map.ts.getEntries._a.<computed> (/snap/code/52/usr/share/code/resources/app/extensions/node_modules/typescript/lib/tsserver.js:156526:61)
    at /snap/code/52/usr/share/code/resources/app/extensions/node_modules/typescript/lib/tsserver.js:158276:88
    at IOSession.Session.executeWithRequestId (/snap/code/52/usr/share/code/resources/app/extensions/node_modules/typescript/lib/tsserver.js:158267:28)
    at IOSession.Session.executeCommand (/snap/code/52/usr/share/code/resources/app/extensions/node_modules/typescript/lib/tsserver.js:158276:33)
    at IOSession.Session.onMessage (/snap/code/52/usr/share/code/resources/app/extensions/node_modules/typescript/lib/tsserver.js:158300:35)
    at Interface.<anonymous> (/snap/code/52/usr/share/code/resources/app/extensions/node_modules/typescript/lib/tsserver.js:160510:27)
    at Interface.emit (events.js:223:5)
    at Interface._onLine (readline.js:315:10)
    at Interface._normalWrite (readline.js:460:12)
    at Socket.ondata (readline.js:172:10)
    at Socket.emit (events.js:223:5)
    at addChunk (_stream_readable.js:309:12)
    at readableAddChunk (_stream_readable.js:290:11)
    at Socket.Readable.push (_stream_readable.js:224:10)
    at Pipe.onStreamRead (internal/stream_base_commons.js:181:23)
	at Function.create (/snap/code/52/usr/share/code/resources/app/extensions/typescript-language-features/dist/extension.js:1:76778)
	at dispatchResponse (/snap/code/52/usr/share/code/resources/app/extensions/typescript-language-features/dist/extension.js:1:70653)
	at dispatchMessage (/snap/code/52/usr/share/code/resources/app/extensions/typescript-language-features/dist/extension.js:1:69512)
	at /snap/code/52/usr/share/code/resources/app/extensions/typescript-language-features/dist/extension.js:1:69022
	at l.fire (/snap/code/52/usr/share/code/resources/app/out/vs/workbench/services/extensions/node/extensionHostProcess.js:46:801)
	at g.onLengthData (/snap/code/52/usr/share/code/resources/app/extensions/typescript-language-features/dist/extension.js:45:60018)
	at Socket.<anonymous> (/snap/code/52/usr/share/code/resources/app/extensions/typescript-language-features/dist/extension.js:45:59666)
	at Socket.emit (events.js:223:5)
	at addChunk (_stream_readable.js:309:12)
	at readableAddChunk (_stream_readable.js:290:11)
	at Socket.Readable.push (_stream_readable.js:224:10)
	at Pipe.onStreamRead (internal/stream_base_commons.js:181:23)
[2021-01-29 15:00:07.577] [renderer1] [error] <semantic> TypeScript Server Error (4.1.2)
Debug Failure.
Error: Debug Failure.
    at getExportEqualsLocalSymbol (/snap/code/52/usr/share/code/resources/app/extensions/node_modules/typescript/lib/tsserver.js:121292:33)
    at getImport (/snap/code/52/usr/share/code/resources/app/extensions/node_modules/typescript/lib/tsserver.js:121263:38)
    at Object.getImportOrExportSymbol (/snap/code/52/usr/share/code/resources/app/extensions/node_modules/typescript/lib/tsserver.js:121176:68)
    at getImportOrExportReferences (/snap/code/52/usr/share/code/resources/app/extensions/node_modules/typescript/lib/tsserver.js:122701:56)
    at getReferencesAtLocation (/snap/code/52/usr/share/code/resources/app/extensions/node_modules/typescript/lib/tsserver.js:122631:17)
    at getReferencesInContainer (/snap/code/52/usr/share/code/resources/app/extensions/node_modules/typescript/lib/tsserver.js:122575:21)
    at getReferencesInContainerOrFiles (/snap/code/52/usr/share/code/resources/app/extensions/node_modules/typescript/lib/tsserver.js:122129:21)
    at getReferencedSymbolsForSymbol (/snap/code/52/usr/share/code/resources/app/extensions/node_modules/typescript/lib/tsserver.js:122120:21)
    at Object.getReferencedSymbolsForNode (/snap/code/52/usr/share/code/resources/app/extensions/node_modules/typescript/lib/tsserver.js:121917:34)
    at Object.getReferenceEntriesForNode (/snap/code/52/usr/share/code/resources/app/extensions/node_modules/typescript/lib/tsserver.js:121620:40)
    at getSemanticDocumentHighlights (/snap/code/52/usr/share/code/resources/app/extensions/node_modules/typescript/lib/tsserver.js:120247:57)
    at Object.getDocumentHighlights (/snap/code/52/usr/share/code/resources/app/extensions/node_modules/typescript/lib/tsserver.js:120235:20)
    at Proxy.getDocumentHighlights (/snap/code/52/usr/share/code/resources/app/extensions/node_modules/typescript/lib/tsserver.js:146815:42)
    at IOSession.Session.getDocumentHighlights (/snap/code/52/usr/share/code/resources/app/extensions/node_modules/typescript/lib/tsserver.js:157303:71)
    at Session.handlers.ts.Map.ts.getEntries._a.<computed> (/snap/code/52/usr/share/code/resources/app/extensions/node_modules/typescript/lib/tsserver.js:156633:61)
    at /snap/code/52/usr/share/code/resources/app/extensions/node_modules/typescript/lib/tsserver.js:158276:88
    at IOSession.Session.executeWithRequestId (/snap/code/52/usr/share/code/resources/app/extensions/node_modules/typescript/lib/tsserver.js:158267:28)
    at IOSession.Session.executeCommand (/snap/code/52/usr/share/code/resources/app/extensions/node_modules/typescript/lib/tsserver.js:158276:33)
    at IOSession.Session.onMessage (/snap/code/52/usr/share/code/resources/app/extensions/node_modules/typescript/lib/tsserver.js:158300:35)
    at Interface.<anonymous> (/snap/code/52/usr/share/code/resources/app/extensions/node_modules/typescript/lib/tsserver.js:160510:27)
    at Interface.emit (events.js:223:5)
    at Interface._onLine (readline.js:315:10)
    at Interface._normalWrite (readline.js:460:12)
    at Socket.ondata (readline.js:172:10)
    at Socket.emit (events.js:223:5)
    at addChunk (_stream_readable.js:309:12)
    at readableAddChunk (_stream_readable.js:290:11)
    at Socket.Readable.push (_stream_readable.js:224:10)
    at Pipe.onStreamRead (internal/stream_base_commons.js:181:23): Error: <semantic> TypeScript Server Error (4.1.2)
Debug Failure.
Error: Debug Failure.
    at getExportEqualsLocalSymbol (/snap/code/52/usr/share/code/resources/app/extensions/node_modules/typescript/lib/tsserver.js:121292:33)
    at getImport (/snap/code/52/usr/share/code/resources/app/extensions/node_modules/typescript/lib/tsserver.js:121263:38)
    at Object.getImportOrExportSymbol (/snap/code/52/usr/share/code/resources/app/extensions/node_modules/typescript/lib/tsserver.js:121176:68)
    at getImportOrExportReferences (/snap/code/52/usr/share/code/resources/app/extensions/node_modules/typescript/lib/tsserver.js:122701:56)
    at getReferencesAtLocation (/snap/code/52/usr/share/code/resources/app/extensions/node_modules/typescript/lib/tsserver.js:122631:17)
    at getReferencesInContainer (/snap/code/52/usr/share/code/resources/app/extensions/node_modules/typescript/lib/tsserver.js:122575:21)
    at getReferencesInContainerOrFiles (/snap/code/52/usr/share/code/resources/app/extensions/node_modules/typescript/lib/tsserver.js:122129:21)
    at getReferencedSymbolsForSymbol (/snap/code/52/usr/share/code/resources/app/extensions/node_modules/typescript/lib/tsserver.js:122120:21)
    at Object.getReferencedSymbolsForNode (/snap/code/52/usr/share/code/resources/app/extensions/node_modules/typescript/lib/tsserver.js:121917:34)
    at Object.getReferenceEntriesForNode (/snap/code/52/usr/share/code/resources/app/extensions/node_modules/typescript/lib/tsserver.js:121620:40)
    at getSemanticDocumentHighlights (/snap/code/52/usr/share/code/resources/app/extensions/node_modules/typescript/lib/tsserver.js:120247:57)
    at Object.getDocumentHighlights (/snap/code/52/usr/share/code/resources/app/extensions/node_modules/typescript/lib/tsserver.js:120235:20)
    at Proxy.getDocumentHighlights (/snap/code/52/usr/share/code/resources/app/extensions/node_modules/typescript/lib/tsserver.js:146815:42)
    at IOSession.Session.getDocumentHighlights (/snap/code/52/usr/share/code/resources/app/extensions/node_modules/typescript/lib/tsserver.js:157303:71)
    at Session.handlers.ts.Map.ts.getEntries._a.<computed> (/snap/code/52/usr/share/code/resources/app/extensions/node_modules/typescript/lib/tsserver.js:156633:61)
    at /snap/code/52/usr/share/code/resources/app/extensions/node_modules/typescript/lib/tsserver.js:158276:88
    at IOSession.Session.executeWithRequestId (/snap/code/52/usr/share/code/resources/app/extensions/node_modules/typescript/lib/tsserver.js:158267:28)
    at IOSession.Session.executeCommand (/snap/code/52/usr/share/code/resources/app/extensions/node_modules/typescript/lib/tsserver.js:158276:33)
    at IOSession.Session.onMessage (/snap/code/52/usr/share/code/resources/app/extensions/node_modules/typescript/lib/tsserver.js:158300:35)
    at Interface.<anonymous> (/snap/code/52/usr/share/code/resources/app/extensions/node_modules/typescript/lib/tsserver.js:160510:27)
    at Interface.emit (events.js:223:5)
    at Interface._onLine (readline.js:315:10)
    at Interface._normalWrite (readline.js:460:12)
    at Socket.ondata (readline.js:172:10)
    at Socket.emit (events.js:223:5)
    at addChunk (_stream_readable.js:309:12)
    at readableAddChunk (_stream_readable.js:290:11)
    at Socket.Readable.push (_stream_readable.js:224:10)
    at Pipe.onStreamRead (internal/stream_base_commons.js:181:23)
	at Function.create (/snap/code/52/usr/share/code/resources/app/extensions/typescript-language-features/dist/extension.js:1:76778)
	at dispatchResponse (/snap/code/52/usr/share/code/resources/app/extensions/typescript-language-features/dist/extension.js:1:70653)
	at dispatchMessage (/snap/code/52/usr/share/code/resources/app/extensions/typescript-language-features/dist/extension.js:1:69512)
	at /snap/code/52/usr/share/code/resources/app/extensions/typescript-language-features/dist/extension.js:1:69022
	at l.fire (/snap/code/52/usr/share/code/resources/app/out/vs/workbench/services/extensions/node/extensionHostProcess.js:46:801)
	at g.onLengthData (/snap/code/52/usr/share/code/resources/app/extensions/typescript-language-features/dist/extension.js:45:60018)
	at Socket.<anonymous> (/snap/code/52/usr/share/code/resources/app/extensions/typescript-language-features/dist/extension.js:45:59666)
	at Socket.emit (events.js:223:5)
	at addChunk (_stream_readable.js:309:12)
	at readableAddChunk (_stream_readable.js:290:11)
	at Socket.Readable.push (_stream_readable.js:224:10)
	at Pipe.onStreamRead (internal/stream_base_commons.js:181:23)
[2021-01-29 15:00:12.296] [renderer1] [error] <semantic> TypeScript Server Error (4.1.2)
Debug Failure. False expression.
Error: Debug Failure. False expression.
    at /snap/code/52/usr/share/code/resources/app/extensions/node_modules/typescript/lib/tsserver.js:128621:34
    at Object.forEach (/snap/code/52/usr/share/code/resources/app/extensions/node_modules/typescript/lib/tsserver.js:188:30)
    at getSymbolKindOfConstructorPropertyMethodAccessorFunctionOrVar (/snap/code/52/usr/share/code/resources/app/extensions/node_modules/typescript/lib/tsserver.js:128615:48)
    at Object.getSymbolKind (/snap/code/52/usr/share/code/resources/app/extensions/node_modules/typescript/lib/tsserver.js:128545:26)
    at createCompletionEntry (/snap/code/52/usr/share/code/resources/app/extensions/node_modules/typescript/lib/tsserver.js:118152:40)
    at getCompletionEntriesFromSymbols (/snap/code/52/usr/share/code/resources/app/extensions/node_modules/typescript/lib/tsserver.js:118199:29)
    at completionInfoFromData (/snap/code/52/usr/share/code/resources/app/extensions/node_modules/typescript/lib/tsserver.js:118023:35)
    at Object.getCompletionsAtPosition (/snap/code/52/usr/share/code/resources/app/extensions/node_modules/typescript/lib/tsserver.js:117981:28)
    at Proxy.getCompletionsAtPosition (/snap/code/52/usr/share/code/resources/app/extensions/node_modules/typescript/lib/tsserver.js:146718:35)
    at IOSession.Session.getCompletions (/snap/code/52/usr/share/code/resources/app/extensions/node_modules/typescript/lib/tsserver.js:157642:64)
    at Session.handlers.ts.Map.ts.getEntries._a.<computed> (/snap/code/52/usr/share/code/resources/app/extensions/node_modules/typescript/lib/tsserver.js:156526:61)
    at /snap/code/52/usr/share/code/resources/app/extensions/node_modules/typescript/lib/tsserver.js:158276:88
    at IOSession.Session.executeWithRequestId (/snap/code/52/usr/share/code/resources/app/extensions/node_modules/typescript/lib/tsserver.js:158267:28)
    at IOSession.Session.executeCommand (/snap/code/52/usr/share/code/resources/app/extensions/node_modules/typescript/lib/tsserver.js:158276:33)
    at IOSession.Session.onMessage (/snap/code/52/usr/share/code/resources/app/extensions/node_modules/typescript/lib/tsserver.js:158300:35)
    at Interface.<anonymous> (/snap/code/52/usr/share/code/resources/app/extensions/node_modules/typescript/lib/tsserver.js:160510:27)
    at Interface.emit (events.js:223:5)
    at Interface._onLine (readline.js:315:10)
    at Interface._normalWrite (readline.js:460:12)
    at Socket.ondata (readline.js:172:10)
    at Socket.emit (events.js:223:5)
    at addChunk (_stream_readable.js:309:12)
    at readableAddChunk (_stream_readable.js:290:11)
    at Socket.Readable.push (_stream_readable.js:224:10)
    at Pipe.onStreamRead (internal/stream_base_commons.js:181:23): Error: <semantic> TypeScript Server Error (4.1.2)
Debug Failure. False expression.
Error: Debug Failure. False expression.
    at /snap/code/52/usr/share/code/resources/app/extensions/node_modules/typescript/lib/tsserver.js:128621:34
    at Object.forEach (/snap/code/52/usr/share/code/resources/app/extensions/node_modules/typescript/lib/tsserver.js:188:30)
    at getSymbolKindOfConstructorPropertyMethodAccessorFunctionOrVar (/snap/code/52/usr/share/code/resources/app/extensions/node_modules/typescript/lib/tsserver.js:128615:48)
    at Object.getSymbolKind (/snap/code/52/usr/share/code/resources/app/extensions/node_modules/typescript/lib/tsserver.js:128545:26)
    at createCompletionEntry (/snap/code/52/usr/share/code/resources/app/extensions/node_modules/typescript/lib/tsserver.js:118152:40)
    at getCompletionEntriesFromSymbols (/snap/code/52/usr/share/code/resources/app/extensions/node_modules/typescript/lib/tsserver.js:118199:29)
    at completionInfoFromData (/snap/code/52/usr/share/code/resources/app/extensions/node_modules/typescript/lib/tsserver.js:118023:35)
    at Object.getCompletionsAtPosition (/snap/code/52/usr/share/code/resources/app/extensions/node_modules/typescript/lib/tsserver.js:117981:28)
    at Proxy.getCompletionsAtPosition (/snap/code/52/usr/share/code/resources/app/extensions/node_modules/typescript/lib/tsserver.js:146718:35)
    at IOSession.Session.getCompletions (/snap/code/52/usr/share/code/resources/app/extensions/node_modules/typescript/lib/tsserver.js:157642:64)
    at Session.handlers.ts.Map.ts.getEntries._a.<computed> (/snap/code/52/usr/share/code/resources/app/extensions/node_modules/typescript/lib/tsserver.js:156526:61)
    at /snap/code/52/usr/share/code/resources/app/extensions/node_modules/typescript/lib/tsserver.js:158276:88
    at IOSession.Session.executeWithRequestId (/snap/code/52/usr/share/code/resources/app/extensions/node_modules/typescript/lib/tsserver.js:158267:28)
    at IOSession.Session.executeCommand (/snap/code/52/usr/share/code/resources/app/extensions/node_modules/typescript/lib/tsserver.js:158276:33)
    at IOSession.Session.onMessage (/snap/code/52/usr/share/code/resources/app/extensions/node_modules/typescript/lib/tsserver.js:158300:35)
    at Interface.<anonymous> (/snap/code/52/usr/share/code/resources/app/extensions/node_modules/typescript/lib/tsserver.js:160510:27)
    at Interface.emit (events.js:223:5)
    at Interface._onLine (readline.js:315:10)
    at Interface._normalWrite (readline.js:460:12)
    at Socket.ondata (readline.js:172:10)
    at Socket.emit (events.js:223:5)
    at addChunk (_stream_readable.js:309:12)
    at readableAddChunk (_stream_readable.js:290:11)
    at Socket.Readable.push (_stream_readable.js:224:10)
    at Pipe.onStreamRead (internal/stream_base_commons.js:181:23)
	at Function.create (/snap/code/52/usr/share/code/resources/app/extensions/typescript-language-features/dist/extension.js:1:76778)
	at dispatchResponse (/snap/code/52/usr/share/code/resources/app/extensions/typescript-language-features/dist/extension.js:1:70653)
	at dispatchMessage (/snap/code/52/usr/share/code/resources/app/extensions/typescript-language-features/dist/extension.js:1:69512)
	at /snap/code/52/usr/share/code/resources/app/extensions/typescript-language-features/dist/extension.js:1:69022
	at l.fire (/snap/code/52/usr/share/code/resources/app/out/vs/workbench/services/extensions/node/extensionHostProcess.js:46:801)
	at g.onLengthData (/snap/code/52/usr/share/code/resources/app/extensions/typescript-language-features/dist/extension.js:45:60018)
	at Socket.<anonymous> (/snap/code/52/usr/share/code/resources/app/extensions/typescript-language-features/dist/extension.js:45:59666)
	at Socket.emit (events.js:223:5)
	at addChunk (_stream_readable.js:309:12)
	at readableAddChunk (_stream_readable.js:290:11)
	at Socket.Readable.push (_stream_readable.js:224:10)
	at Pipe.onStreamRead (internal/stream_base_commons.js:181:23)
[2021-01-29 15:10:11.175] [renderer1] [warning] Settings pattern "workbench.fontAliasing" doesn't match any settings
